<?xml version="1.0" encoding="UTF-8"?>
<!-- Generated by org.testng.reporters.JUnitXMLReporter -->
<testsuite ignored="0" hostname="HMS-LP-N-47" failures="0" tests="5" name="Test" time="62.004" errors="0" timestamp="2025-04-16T12:31:41 IST">
  <testcase classname="testCases.TC_003_LoginDataDrivenTest" name="verify_loginDDT" time="15.801"/>
  <testcase classname="testCases.TC_003_LoginDataDrivenTest" name="verify_loginDDT" time="6.916"/>
  <testcase classname="testCases.TC_003_LoginDataDrivenTest" name="verify_loginDDT" time="6.867"/>
  <testcase classname="testCases.TC_003_LoginDataDrivenTest" name="verify_loginDDT" time="15.351"/>
  <testcase classname="testCases.TC_003_LoginDataDrivenTest" name="verify_loginDDT" time="7.342"/>
</testsuite> <!-- Test -->
