<?xml version="1.0" encoding="UTF-8"?>
<!-- Generated by org.testng.reporters.JUnitXMLReporter -->
<testsuite ignored="0" hostname="HMS-LP-N-47" failures="0" tests="3" name="Test" time="27.634" errors="0" timestamp="2025-04-09T16:28:31 IST">
  <testcase classname="testCases.TC_001_AccountRegistrationTest" name="verify_account_registration" time="4.519"/>
  <testcase classname="testCases.TC_002_LoginTest" name="verify_login" time="3.13"/>
  <testcase classname="testCases.TC_004_AddToCartTest" name="login" time="4.688"/>
</testsuite> <!-- Test -->
