<?xml version="1.0" encoding="UTF-8"?>
<!-- Generated by org.testng.reporters.JUnitXMLReporter -->
<testsuite ignored="0" hostname="HMS-LP-N-139" failures="0" tests="10" name="Test" time="112.089" errors="0" timestamp="2025-08-04T16:51:59 IST">
  <testcase classname="testCases.TC_002_LoginTest" name="verify_login" time="2.833"/>
  <testcase classname="testCases.TC_005_RemoveItemsTest" name="login" time="10.163"/>
  <testcase classname="testCases.TC_006_verifyAppleCinemaFeatureTest" name="getAppleCinemaFeature" time="2.025"/>
  <testcase classname="testCases.TC_001_AccountRegistrationTest" name="verify_account_registration" time="4.023"/>
  <testcase classname="testCases.TC_004_AddToCartTest" name="login" time="3.04"/>
  <testcase classname="testCases.TC_003_LoginDataDrivenTest" name="verify_loginDDT" time="14.726"/>
  <testcase classname="testCases.TC_003_LoginDataDrivenTest" name="verify_loginDDT" time="5.399"/>
  <testcase classname="testCases.TC_003_LoginDataDrivenTest" name="verify_loginDDT" time="5.376"/>
  <testcase classname="testCases.TC_003_LoginDataDrivenTest" name="verify_loginDDT" time="14.401"/>
  <testcase classname="testCases.TC_003_LoginDataDrivenTest" name="verify_loginDDT" time="14.418"/>
</testsuite> <!-- Test -->
