<?xml version="1.0" encoding="UTF-8"?>
<testng-results ignored="0" total="10" passed="10" failed="0" skipped="0">
  <reporter-output>
  </reporter-output>
  <suite started-at="2025-08-04T16:50:06 IST" name="Suite" finished-at="2025-08-04T16:51:59 IST" duration-ms="112089">
    <groups>
      <group name="Datadriven">
        <method signature="TC_003_LoginDataDrivenTest.verify_loginDDT(java.lang.String,java.lang.String,java.lang.String)[pri:3, instance:testCases.TC_003_LoginDataDrivenTest@1fdfafd2]" name="verify_loginDDT" class="testCases.TC_003_LoginDataDrivenTest"/>
      </group> <!-- Datadriven -->
    </groups>
    <test started-at="2025-08-04T16:50:06 IST" name="Test" finished-at="2025-08-04T16:51:59 IST" duration-ms="112089">
      <class name="testCases.TC_004_AddToCartTest">
        <test-method is-config="true" signature="setup()[pri:0, instance:testCases.TC_004_AddToCartTest@5b07730f]" started-at="2025-08-04T16:50:48 IST" name="setup" finished-at="2025-08-04T16:50:52 IST" duration-ms="4162" status="PASS">
          <reporter-output>
          </reporter-output>
        </test-method> <!-- setup -->
        <test-method signature="login()[pri:4, instance:testCases.TC_004_AddToCartTest@5b07730f]" started-at="2025-08-04T16:50:52 IST" name="login" finished-at="2025-08-04T16:50:55 IST" duration-ms="3040" status="PASS">
          <reporter-output>
          </reporter-output>
        </test-method> <!-- login -->
        <test-method is-config="true" signature="tearDown()[pri:0, instance:testCases.TC_004_AddToCartTest@5b07730f]" started-at="2025-08-04T16:50:55 IST" name="tearDown" finished-at="2025-08-04T16:50:56 IST" duration-ms="691" status="PASS">
          <reporter-output>
          </reporter-output>
        </test-method> <!-- tearDown -->
      </class> <!-- testCases.TC_004_AddToCartTest -->
      <class name="testCases.TC_001_AccountRegistrationTest">
        <test-method is-config="true" signature="setup()[pri:0, instance:testCases.TC_001_AccountRegistrationTest@58ebfd03]" started-at="2025-08-04T16:50:40 IST" name="setup" finished-at="2025-08-04T16:50:43 IST" duration-ms="3670" status="PASS">
          <reporter-output>
          </reporter-output>
        </test-method> <!-- setup -->
        <test-method signature="verify_account_registration()[pri:1, instance:testCases.TC_001_AccountRegistrationTest@58ebfd03]" started-at="2025-08-04T16:50:43 IST" name="verify_account_registration" finished-at="2025-08-04T16:50:47 IST" duration-ms="4023" status="PASS">
          <reporter-output>
          </reporter-output>
        </test-method> <!-- verify_account_registration -->
        <test-method is-config="true" signature="tearDown()[pri:0, instance:testCases.TC_001_AccountRegistrationTest@58ebfd03]" started-at="2025-08-04T16:50:47 IST" name="tearDown" finished-at="2025-08-04T16:50:48 IST" duration-ms="725" status="PASS">
          <reporter-output>
          </reporter-output>
        </test-method> <!-- tearDown -->
      </class> <!-- testCases.TC_001_AccountRegistrationTest -->
      <class name="testCases.TC_002_LoginTest">
        <test-method is-config="true" signature="setup()[pri:0, instance:testCases.TC_002_LoginTest@12bcd0c0]" started-at="2025-08-04T16:50:07 IST" name="setup" finished-at="2025-08-04T16:50:14 IST" duration-ms="7338" status="PASS">
          <reporter-output>
          </reporter-output>
        </test-method> <!-- setup -->
        <test-method signature="verify_login()[pri:2, instance:testCases.TC_002_LoginTest@12bcd0c0]" started-at="2025-08-04T16:50:14 IST" name="verify_login" finished-at="2025-08-04T16:50:17 IST" duration-ms="2833" status="PASS">
          <reporter-output>
          </reporter-output>
        </test-method> <!-- verify_login -->
        <test-method is-config="true" signature="tearDown()[pri:0, instance:testCases.TC_002_LoginTest@12bcd0c0]" started-at="2025-08-04T16:50:17 IST" name="tearDown" finished-at="2025-08-04T16:50:18 IST" duration-ms="835" status="PASS">
          <reporter-output>
          </reporter-output>
        </test-method> <!-- tearDown -->
      </class> <!-- testCases.TC_002_LoginTest -->
      <class name="testCases.TC_006_verifyAppleCinemaFeatureTest">
        <test-method is-config="true" signature="setup()[pri:0, instance:testCases.TC_006_verifyAppleCinemaFeatureTest@1080b026]" started-at="2025-08-04T16:50:33 IST" name="setup" finished-at="2025-08-04T16:50:37 IST" duration-ms="4039" status="PASS">
          <reporter-output>
          </reporter-output>
        </test-method> <!-- setup -->
        <test-method signature="getAppleCinemaFeature()[pri:6, instance:testCases.TC_006_verifyAppleCinemaFeatureTest@1080b026]" started-at="2025-08-04T16:50:37 IST" name="getAppleCinemaFeature" finished-at="2025-08-04T16:50:39 IST" duration-ms="2025" status="PASS">
          <reporter-output>
          </reporter-output>
        </test-method> <!-- getAppleCinemaFeature -->
        <test-method is-config="true" signature="tearDown()[pri:0, instance:testCases.TC_006_verifyAppleCinemaFeatureTest@1080b026]" started-at="2025-08-04T16:50:39 IST" name="tearDown" finished-at="2025-08-04T16:50:40 IST" duration-ms="919" status="PASS">
          <reporter-output>
          </reporter-output>
        </test-method> <!-- tearDown -->
      </class> <!-- testCases.TC_006_verifyAppleCinemaFeatureTest -->
      <class name="testCases.TC_005_RemoveItemsTest">
        <test-method is-config="true" signature="setup()[pri:0, instance:testCases.TC_005_RemoveItemsTest@5b43fbf6]" started-at="2025-08-04T16:50:18 IST" name="setup" finished-at="2025-08-04T16:50:22 IST" duration-ms="3810" status="PASS">
          <reporter-output>
          </reporter-output>
        </test-method> <!-- setup -->
        <test-method signature="login()[pri:5, instance:testCases.TC_005_RemoveItemsTest@5b43fbf6]" started-at="2025-08-04T16:50:22 IST" name="login" finished-at="2025-08-04T16:50:32 IST" duration-ms="10163" status="PASS">
          <reporter-output>
          </reporter-output>
        </test-method> <!-- login -->
        <test-method is-config="true" signature="tearDown()[pri:0, instance:testCases.TC_005_RemoveItemsTest@5b43fbf6]" started-at="2025-08-04T16:50:32 IST" name="tearDown" finished-at="2025-08-04T16:50:33 IST" duration-ms="737" status="PASS">
          <reporter-output>
          </reporter-output>
        </test-method> <!-- tearDown -->
      </class> <!-- testCases.TC_005_RemoveItemsTest -->
      <class name="testCases.TC_003_LoginDataDrivenTest">
        <test-method is-config="true" signature="setup()[pri:0, instance:testCases.TC_003_LoginDataDrivenTest@1fdfafd2]" started-at="2025-08-04T16:50:56 IST" name="setup" finished-at="2025-08-04T16:51:00 IST" duration-ms="3962" status="PASS">
          <reporter-output>
          </reporter-output>
        </test-method> <!-- setup -->
        <test-method signature="verify_loginDDT(java.lang.String,java.lang.String,java.lang.String)[pri:3, instance:testCases.TC_003_LoginDataDrivenTest@1fdfafd2]" started-at="2025-08-04T16:51:03 IST" name="verify_loginDDT" data-provider="LoginData" finished-at="2025-08-04T16:51:18 IST" duration-ms="14726" status="PASS">
          <params>
            <param index="0">
              <value>
                <![CDATA[pavanoltraining@gmail.com]]>
              </value>
            </param>
            <param index="1">
              <value>
                <![CDATA[test@123]]>
              </value>
            </param>
            <param index="2">
              <value>
                <![CDATA[Invalid]]>
              </value>
            </param>
          </params>
          <reporter-output>
          </reporter-output>
        </test-method> <!-- verify_loginDDT -->
        <test-method signature="verify_loginDDT(java.lang.String,java.lang.String,java.lang.String)[pri:3, instance:testCases.TC_003_LoginDataDrivenTest@1fdfafd2]" started-at="2025-08-04T16:51:18 IST" name="verify_loginDDT" data-provider="LoginData" finished-at="2025-08-04T16:51:23 IST" duration-ms="5399" status="PASS">
          <params>
            <param index="0">
              <value>
                <![CDATA[lakshmi@yahoo.com]]>
              </value>
            </param>
            <param index="1">
              <value>
                <![CDATA[Laxmi]]>
              </value>
            </param>
            <param index="2">
              <value>
                <![CDATA[Valid]]>
              </value>
            </param>
          </params>
          <reporter-output>
          </reporter-output>
        </test-method> <!-- verify_loginDDT -->
        <test-method signature="verify_loginDDT(java.lang.String,java.lang.String,java.lang.String)[pri:3, instance:testCases.TC_003_LoginDataDrivenTest@1fdfafd2]" started-at="2025-08-04T16:51:23 IST" name="verify_loginDDT" data-provider="LoginData" finished-at="2025-08-04T16:51:29 IST" duration-ms="5376" status="PASS">
          <params>
            <param index="0">
              <value>
                <![CDATA[laksh@yahoo.com]]>
              </value>
            </param>
            <param index="1">
              <value>
                <![CDATA[Lakshmi]]>
              </value>
            </param>
            <param index="2">
              <value>
                <![CDATA[Valid]]>
              </value>
            </param>
          </params>
          <reporter-output>
          </reporter-output>
        </test-method> <!-- verify_loginDDT -->
        <test-method signature="verify_loginDDT(java.lang.String,java.lang.String,java.lang.String)[pri:3, instance:testCases.TC_003_LoginDataDrivenTest@1fdfafd2]" started-at="2025-08-04T16:51:29 IST" name="verify_loginDDT" data-provider="LoginData" finished-at="2025-08-04T16:51:43 IST" duration-ms="14401" status="PASS">
          <params>
            <param index="0">
              <value>
                <![CDATA[]]>
              </value>
            </param>
            <param index="1">
              <value>
                <![CDATA[]]>
              </value>
            </param>
            <param index="2">
              <value>
                <![CDATA[]]>
              </value>
            </param>
          </params>
          <reporter-output>
          </reporter-output>
        </test-method> <!-- verify_loginDDT -->
        <test-method signature="verify_loginDDT(java.lang.String,java.lang.String,java.lang.String)[pri:3, instance:testCases.TC_003_LoginDataDrivenTest@1fdfafd2]" started-at="2025-08-04T16:51:43 IST" name="verify_loginDDT" data-provider="LoginData" finished-at="2025-08-04T16:51:58 IST" duration-ms="14418" status="PASS">
          <params>
            <param index="0">
              <value>
                <![CDATA[]]>
              </value>
            </param>
            <param index="1">
              <value>
                <![CDATA[]]>
              </value>
            </param>
            <param index="2">
              <value>
                <![CDATA[]]>
              </value>
            </param>
          </params>
          <reporter-output>
          </reporter-output>
        </test-method> <!-- verify_loginDDT -->
        <test-method is-config="true" signature="tearDown()[pri:0, instance:testCases.TC_003_LoginDataDrivenTest@1fdfafd2]" started-at="2025-08-04T16:51:58 IST" name="tearDown" finished-at="2025-08-04T16:51:59 IST" duration-ms="866" status="PASS">
          <reporter-output>
          </reporter-output>
        </test-method> <!-- tearDown -->
      </class> <!-- testCases.TC_003_LoginDataDrivenTest -->
    </test> <!-- Test -->
  </suite> <!-- Suite -->
</testng-results>
